[     543ms] [INFO] %cDownload the React DevTools for a better development experience: https://react.dev/link/react-devtools font-weight:bold @ http://localhost:5173/node_modules/.vite/deps/react-dom_client.js?v=841b116d:20102
[  690754ms] [ERROR] Failed to load resource: the server responded with a status of 401 (Unauthorized) @ http://localhost:5010/api/auth/access/version:0
[ 1012582ms] [LOG] [vite] server connection lost. Polling for restart... @ http://localhost:5173/@vite/client:864
[ 2210298ms] [ERROR] Failed to load resource: the server responded with a status of 401 (Unauthorized) @ http://localhost:5010/api/auth/access/version:0
[ 2211780ms] [ERROR] Failed to load resource: net::ERR_NETWORK_CHANGED @ http://localhost:5173/src/modules/backoffice/pages/CreditNoteList.jsx:0
[ 2211854ms] [ERROR] Failed to load resource: net::ERR_NETWORK_CHANGED @ http://localhost:5173/src/modules/backoffice/pages/AccountsPlaceholderPage.jsx:0
[ 2211854ms] [ERROR] Failed to load resource: net::ERR_NETWORK_CHANGED @ http://localhost:5173/src/modules/backoffice/pages/VoucherListPage.jsx:0
[ 2211933ms] [ERROR] Failed to load resource: net::ERR_NETWORK_CHANGED @ http://localhost:5173/src/modules/backoffice/pages/IncomeVoucherEntry.jsx:0
[ 2211958ms] [ERROR] Failed to load resource: net::ERR_NETWORK_CHANGED @ http://localhost:5173/src/modules/backoffice/pages/IncomeVoucherList.jsx:0
[ 2211958ms] [ERROR] Failed to load resource: net::ERR_NETWORK_CHANGED @ http://localhost:5173/src/modules/backoffice/pages/ExpenseVoucherEntry.jsx:0
[ 2211960ms] [ERROR] Failed to load resource: net::ERR_NETWORK_CHANGED @ http://localhost:5173/src/modules/backoffice/pages/ExpenseVoucherList.jsx:0
[ 2211961ms] [ERROR] Failed to load resource: net::ERR_NETWORK_CHANGED @ http://localhost:5173/src/modules/backoffice/pages/PaymentVoucherSupplierEntry.jsx:0
[ 2211961ms] [ERROR] Failed to load resource: net::ERR_NETWORK_CHANGED @ http://localhost:5173/src/modules/backoffice/pages/PaymentVoucherEntry.jsx:0
[ 2211962ms] [ERROR] Failed to load resource: net::ERR_NETWORK_CHANGED @ http://localhost:5173/src/modules/backoffice/pages/ReceiptVoucherCustomerEntry.jsx:0
[ 2211962ms] [ERROR] Failed to load resource: net::ERR_NETWORK_CHANGED @ http://localhost:5173/src/modules/backoffice/pages/ReceiptVoucherEntry.jsx:0
[ 2211962ms] [ERROR] Failed to load resource: net::ERR_NETWORK_CHANGED @ http://localhost:5173/src/modules/backoffice/pages/ContraVoucherEntry.jsx:0
[ 2211964ms] [ERROR] Failed to load resource: net::ERR_NETWORK_CHANGED @ http://localhost:5173/src/modules/backoffice/pages/JournalVoucherEntry.jsx:0
[ 2211965ms] [ERROR] Failed to load resource: net::ERR_NETWORK_CHANGED @ http://localhost:5173/src/modules/backoffice/pages/AccountGroupDetails.jsx:0
[ 2211969ms] [ERROR] Failed to load resource: net::ERR_NETWORK_CHANGED @ http://localhost:5173/src/modules/backoffice/pages/AccountLedgerDetails.jsx:0
[ 2211970ms] [ERROR] Failed to load resource: net::ERR_NETWORK_CHANGED @ http://localhost:5173/src/modules/backoffice/pages/TrialBalance.jsx:0
[ 2211970ms] [ERROR] Failed to load resource: net::ERR_NETWORK_CHANGED @ http://localhost:5173/src/modules/backoffice/pages/ProfitAndLossAccount.jsx:0
[ 2211970ms] [ERROR] Failed to load resource: net::ERR_NETWORK_CHANGED @ http://localhost:5173/src/modules/backoffice/pages/BalanceSheet.jsx:0
[ 2211971ms] [ERROR] Failed to load resource: net::ERR_NETWORK_CHANGED @ http://localhost:5173/src/modules/backoffice/pages/PayableSummary.jsx:0
[ 2211972ms] [ERROR] Failed to load resource: net::ERR_NETWORK_CHANGED @ http://localhost:5173/src/modules/backoffice/pages/ReceivableSummary.jsx:0
[ 2211972ms] [ERROR] Failed to load resource: net::ERR_NETWORK_CHANGED @ http://localhost:5173/src/modules/backoffice/pages/CustomerEntry.jsx:0
[ 2211972ms] [ERROR] Failed to load resource: net::ERR_NETWORK_CHANGED @ http://localhost:5173/src/modules/backoffice/pages/SupplierEntry.jsx:0
[ 2211972ms] [ERROR] Failed to load resource: net::ERR_NETWORK_CHANGED @ http://localhost:5173/src/modules/backoffice/pages/ProductEntry.jsx?t=1778226083586:0
[ 2211972ms] [ERROR] Failed to load resource: net::ERR_NETWORK_CHANGED @ http://localhost:5173/src/modules/backoffice/pages/ProductPriceList.jsx:0
[ 2211972ms] [ERROR] Failed to load resource: net::ERR_NETWORK_CHANGED @ http://localhost:5173/src/modules/backoffice/pages/CustomerList.jsx:0
[ 2211972ms] [ERROR] Failed to load resource: net::ERR_NETWORK_CHANGED @ http://localhost:5173/src/modules/backoffice/pages/SupplierList.jsx:0
[ 2211972ms] [ERROR] Failed to load resource: net::ERR_NETWORK_CHANGED @ http://localhost:5173/src/modules/backoffice/pages/AgentList.jsx:0
[ 2211972ms] [ERROR] Failed to load resource: net::ERR_NETWORK_CHANGED @ http://localhost:5173/src/modules/backoffice/pages/StaffEntry.jsx:0
[ 2211973ms] [ERROR] Failed to load resource: net::ERR_NETWORK_CHANGED @ http://localhost:5173/src/modules/backoffice/pages/RoleEntry.jsx:0
[ 2211973ms] [ERROR] Failed to load resource: net::ERR_NETWORK_CHANGED @ http://localhost:5173/src/modules/backoffice/pages/RoleManagement.jsx?t=1778226083586:0
[ 2211973ms] [ERROR] Failed to load resource: net::ERR_NETWORK_CHANGED @ http://localhost:5173/src/modules/backoffice/pages/GroupEntry.jsx?t=1778226083586:0
[ 2211973ms] [ERROR] Failed to load resource: net::ERR_NETWORK_CHANGED @ http://localhost:5173/src/modules/backoffice/pages/SubGroupEntry.jsx?t=1778226083586:0
[ 2211973ms] [ERROR] Failed to load resource: net::ERR_NETWORK_CHANGED @ http://localhost:5173/src/modules/backoffice/pages/AreaEntry.jsx?t=1778226083586:0
[ 2211973ms] [ERROR] Failed to load resource: net::ERR_NETWORK_CHANGED @ http://localhost:5173/src/modules/backoffice/pages/TableEntry.jsx?t=1778226083586:0
[ 2211973ms] [ERROR] Failed to load resource: net::ERR_NETWORK_CHANGED @ http://localhost:5173/src/modules/backoffice/pages/DamageEntry.jsx:0
[ 2211973ms] [ERROR] Failed to load resource: net::ERR_NETWORK_CHANGED @ http://localhost:5173/src/modules/backoffice/pages/DamageEntryList.jsx:0
[ 2211973ms] [ERROR] Failed to load resource: net::ERR_NETWORK_CHANGED @ http://localhost:5173/src/modules/backoffice/pages/ProductMovement.jsx:0
[ 2211973ms] [ERROR] Failed to load resource: net::ERR_NETWORK_CHANGED @ http://localhost:5173/src/modules/backoffice/pages/AdditionalStockEntry.jsx:0
[ 2211973ms] [ERROR] Failed to load resource: net::ERR_NETWORK_CHANGED @ http://localhost:5173/src/modules/backoffice/pages/AdditionalStockEntryList.jsx:0
[ 2211973ms] [ERROR] Failed to load resource: net::ERR_NETWORK_CHANGED @ http://localhost:5173/src/modules/backoffice/pages/StockAdjustment.jsx:0
[ 2211974ms] [ERROR] Failed to load resource: net::ERR_NETWORK_CHANGED @ http://localhost:5173/src/modules/backoffice/pages/StockAdjustmentList.jsx:0
[ 2211974ms] [ERROR] Failed to load resource: net::ERR_NETWORK_CHANGED @ http://localhost:5173/src/modules/backoffice/pages/ReorderList.jsx:0
[ 2211974ms] [ERROR] Failed to load resource: net::ERR_NETWORK_CHANGED @ http://localhost:5173/src/modules/backoffice/pages/DealsOffersPlaceholderPage.jsx:0
[ 2211974ms] [ERROR] Failed to load resource: net::ERR_NETWORK_CHANGED @ http://localhost:5173/src/modules/backoffice/pages/DiscountEntry.jsx?t=1778226083586:0
[ 2211974ms] [ERROR] Failed to load resource: net::ERR_NETWORK_CHANGED @ http://localhost:5173/src/modules/backoffice/pages/DiscountViewer.jsx:0
[ 2211974ms] [ERROR] Failed to load resource: net::ERR_NETWORK_CHANGED @ http://localhost:5173/src/modules/backoffice/pages/GiftVoucherSettings.jsx:0
[ 2211974ms] [ERROR] Failed to load resource: net::ERR_NETWORK_CHANGED @ http://localhost:5173/src/modules/backoffice/pages/GiftVoucherViewer.jsx:0
[ 2211974ms] [ERROR] Failed to load resource: net::ERR_NETWORK_CHANGED @ http://localhost:5173/src/modules/backoffice/pages/OfferPacketCreation.jsx:0
[ 2211974ms] [ERROR] Failed to load resource: net::ERR_NETWORK_CHANGED @ http://localhost:5173/src/modules/backoffice/pages/OfferPacketList.jsx:0
[ 2211974ms] [ERROR] Failed to load resource: net::ERR_NETWORK_CHANGED @ http://localhost:5173/src/modules/backoffice/pages/OfferPackingEntry.jsx:0
[ 2211974ms] [ERROR] Failed to load resource: net::ERR_NETWORK_CHANGED @ http://localhost:5173/src/modules/backoffice/pages/OfferUnpackingEntry.jsx:0
[ 2211975ms] [ERROR] Failed to load resource: net::ERR_NETWORK_CHANGED @ http://localhost:5173/src/modules/backoffice/pages/CurrencyMaster.jsx:0
[ 2211975ms] [ERROR] Failed to load resource: net::ERR_NETWORK_CHANGED @ http://localhost:5173/src/modules/backoffice/pages/ExchangeRateEntry.jsx:0
[ 2211975ms] [ERROR] Failed to load resource: net::ERR_NETWORK_CHANGED @ http://localhost:5173/src/modules/backoffice/pages/ExchangeRateList.jsx:0
[ 2211975ms] [ERROR] Failed to load resource: net::ERR_NETWORK_CHANGED @ http://localhost:5173/src/modules/backoffice/pages/RecipeEntry.jsx:0
[ 2211975ms] [ERROR] Failed to load resource: net::ERR_NETWORK_CHANGED @ http://localhost:5173/src/modules/backoffice/pages/RecipeList.jsx:0
[ 2211975ms] [ERROR] Failed to load resource: net::ERR_NETWORK_CHANGED @ http://localhost:5173/src/modules/backoffice/pages/ProductionOrderEntry.jsx:0
[ 2211976ms] [ERROR] Failed to load resource: net::ERR_NETWORK_CHANGED @ http://localhost:5173/src/modules/backoffice/pages/ProductionOrderList.jsx:0
[ 2211976ms] [ERROR] Failed to load resource: net::ERR_NETWORK_CHANGED @ http://localhost:5173/src/modules/backoffice/pages/MaterialRequisition.jsx:0
[ 2211976ms] [ERROR] Failed to load resource: net::ERR_NETWORK_CHANGED @ http://localhost:5173/src/modules/backoffice/pages/DeliveryScheduleEntry.jsx:0
[ 2211976ms] [ERROR] Failed to load resource: net::ERR_NETWORK_CHANGED @ http://localhost:5173/src/modules/backoffice/pages/DeliveryScheduleList.jsx:0
[ 2211976ms] [ERROR] Failed to load resource: net::ERR_NETWORK_CHANGED @ http://localhost:5173/src/modules/backoffice/pages/DispatchEntry.jsx:0
[ 2211976ms] [ERROR] Failed to load resource: net::ERR_NETWORK_CHANGED @ http://localhost:5173/src/modules/backoffice/pages/DeliveryTracking.jsx:0
[ 2211976ms] [ERROR] Failed to load resource: net::ERR_NETWORK_CHANGED @ http://localhost:5173/src/modules/backoffice/pages/DriverEntry.jsx:0
[ 2211979ms] [ERROR] Failed to load resource: net::ERR_NETWORK_CHANGED @ http://localhost:5173/src/modules/backoffice/pages/VehicleEntry.jsx:0
[ 2211979ms] [ERROR] Failed to load resource: net::ERR_NETWORK_CHANGED @ http://localhost:5173/src/modules/backoffice/pages/ReportsPlaceholderPage.jsx:0
[ 2211979ms] [ERROR] Failed to load resource: net::ERR_NETWORK_CHANGED @ http://localhost:5173/src/modules/backoffice/pages/ManagementPlaceholderPage.jsx:0
[ 2211981ms] [ERROR] Failed to load resource: net::ERR_NETWORK_CHANGED @ http://localhost:5173/src/modules/backoffice/pages/ToolsPlaceholderPage.jsx:0
[ 2211981ms] [ERROR] Failed to load resource: net::ERR_NETWORK_CHANGED @ http://localhost:5173/src/modules/hr/pages/EmployeeList.jsx:0
[ 2211981ms] [ERROR] Failed to load resource: net::ERR_NETWORK_CHANGED @ http://localhost:5173/src/modules/hr/pages/EmployeeForm.jsx:0
[ 2211983ms] [ERROR] Failed to load resource: net::ERR_NETWORK_CHANGED @ http://localhost:5173/src/modules/hr/pages/EmployeeProfile.jsx:0
[ 2211983ms] [ERROR] Failed to load resource: net::ERR_NETWORK_CHANGED @ http://localhost:5173/src/modules/hr/pages/HRDashboard.jsx:0
[ 2211983ms] [ERROR] Failed to load resource: net::ERR_NETWORK_CHANGED @ http://localhost:5173/src/modules/hr/pages/AttendanceOverview.jsx:0
[ 2211983ms] [ERROR] Failed to load resource: net::ERR_NETWORK_CHANGED @ http://localhost:5173/src/modules/hr/pages/ShiftMaster.jsx:0
[ 2211983ms] [ERROR] Failed to load resource: net::ERR_NETWORK_CHANGED @ http://localhost:5173/src/modules/hr/pages/LeaveManagement.jsx?t=1778226083586:0
[ 2211983ms] [ERROR] Failed to load resource: net::ERR_NETWORK_CHANGED @ http://localhost:5173/src/modules/hr/pages/LeaveTypeMaster.jsx:0
[ 2211983ms] [ERROR] Failed to load resource: net::ERR_NETWORK_CHANGED @ http://localhost:5173/src/modules/hr/pages/DocumentTypeMaster.jsx:0
[ 2211983ms] [ERROR] Failed to load resource: net::ERR_NETWORK_CHANGED @ http://localhost:5173/src/modules/crm/pages/LeadListPage.jsx:0
[ 2211984ms] [ERROR] Failed to load resource: net::ERR_NETWORK_CHANGED @ http://localhost:5173/src/modules/crm/pages/LeadEntryPage.jsx:0
[ 2211984ms] [ERROR] Failed to load resource: net::ERR_NETWORK_CHANGED @ http://localhost:5173/src/modules/crm/pages/LeadWorkspacePage.jsx:0
